<?xml version="1.0" encoding="UTF-8"?>
<robot generator="Robot 3.2.1 (Python 3.8.1 on win32)" generated="20200722 18:37:48.797" rpa="false">
<suite id="s1" name="DateTimeTests" source="C:\Automation\robotframeworkGit\TestCases\Regression\DateTimeTests.robot">
<test id="s1-t1" name="Extract type from date">
<kw name="Convert Date" library="DateTime">
<doc>Converts between supported `date formats`.</doc>
<arguments>
<arg>07/09/20 13:35</arg>
<arg>result_format=datetime</arg>
<arg>date_format=%d/%m/%y %H:%M</arg>
</arguments>
<assign>
<var>${date1}</var>
</assign>
<msg timestamp="20200722 18:37:48.840" level="INFO">${date1} = 2020-09-07 13:35:00</msg>
<status status="PASS" starttime="20200722 18:37:48.836" endtime="20200722 18:37:48.840"></status>
</kw>
<kw name="Log To Console" library="BuiltIn">
<doc>Logs the given message to the console.</doc>
<arguments>
<arg>${date1}</arg>
</arguments>
<status status="PASS" starttime="20200722 18:37:48.841" endtime="20200722 18:37:48.841"></status>
</kw>
<kw name="Log To Console" library="BuiltIn">
<doc>Logs the given message to the console.</doc>
<arguments>
<arg>None</arg>
</arguments>
<status status="PASS" starttime="20200722 18:37:48.842" endtime="20200722 18:37:48.842"></status>
</kw>
<kw name="Log To Console" library="BuiltIn">
<doc>Logs the given message to the console.</doc>
<arguments>
<arg>${date1.year}</arg>
</arguments>
<status status="PASS" starttime="20200722 18:37:48.843" endtime="20200722 18:37:48.843"></status>
</kw>
<kw name="Log To Console" library="BuiltIn">
<doc>Logs the given message to the console.</doc>
<arguments>
<arg>${date1.month}</arg>
</arguments>
<status status="PASS" starttime="20200722 18:37:48.844" endtime="20200722 18:37:48.844"></status>
</kw>
<kw name="Log To Console" library="BuiltIn">
<doc>Logs the given message to the console.</doc>
<arguments>
<arg>${date1.day}</arg>
</arguments>
<status status="PASS" starttime="20200722 18:37:48.844" endtime="20200722 18:37:48.845"></status>
</kw>
<kw name="Log To Console" library="BuiltIn">
<doc>Logs the given message to the console.</doc>
<arguments>
<arg>${date1.hour}</arg>
</arguments>
<status status="PASS" starttime="20200722 18:37:48.845" endtime="20200722 18:37:48.846"></status>
</kw>
<kw name="Log To Console" library="BuiltIn">
<doc>Logs the given message to the console.</doc>
<arguments>
<arg>${date1.minute}</arg>
</arguments>
<status status="PASS" starttime="20200722 18:37:48.846" endtime="20200722 18:37:48.847"></status>
</kw>
<kw name="Log To Console" library="BuiltIn">
<doc>Logs the given message to the console.</doc>
<arguments>
<arg>${date1.second}</arg>
</arguments>
<status status="PASS" starttime="20200722 18:37:48.847" endtime="20200722 18:37:48.847"></status>
</kw>
<kw name="Log To Console" library="BuiltIn">
<doc>Logs the given message to the console.</doc>
<arguments>
<arg>${date1.microsecond}</arg>
</arguments>
<status status="PASS" starttime="20200722 18:37:48.848" endtime="20200722 18:37:48.849"></status>
</kw>
<tags>
<tag>test</tag>
</tags>
<status status="PASS" starttime="20200722 18:37:48.835" endtime="20200722 18:37:48.849" critical="yes"></status>
</test>
<status status="PASS" starttime="20200722 18:37:48.800" endtime="20200722 18:37:48.850"></status>
</suite>
<statistics>
<total>
<stat pass="1" fail="0">Critical Tests</stat>
<stat pass="1" fail="0">All Tests</stat>
</total>
<tag>
<stat pass="1" fail="0">test</stat>
</tag>
<suite>
<stat pass="1" fail="0" id="s1" name="DateTimeTests">DateTimeTests</stat>
</suite>
</statistics>
<errors>
</errors>
</robot>
